ISim log file
Running: J:\EE 220 retake\Lab 08 4x7 Segment Controller\seg4x7_isim_beh.exe -intstyle ise -gui -tclbatch isim.cmd -wdb J:/EE 220 retake/Lab 08 4x7 Segment Controller/seg4x7_isim_beh.wdb 
ISim P.20131013 (signature 0x7708f090)
----------------------------------------------------------------------
INFO:Security:51 - The XILINXD_LICENSE_FILE environment variable is not set.
INFO:Security:52 - The LM_LICENSE_FILE environment variable is set to '2100@xilinxlic1.ee.byu.edu'.
WARNING:Security:43 - No license file was found in the standard Xilinx license directory.
WARNING:Security:44 - Since no license file was found,
       please run the Xilinx License Configuration Manager
       (xlcm or "Manage Xilinx Licenses")
       to assist in obtaining a license.
WARNING:Security:42 - Your software subscription period has lapsed. Your current version of Xilinx tools will continue to function, but you no longer qualify for Xilinx software updates or new releases.


----------------------------------------------------------------------
This is a Full version of ISim.
WARNING:  For instance seg4x7/timer/, width 1 of formal port clken is not equal to width 32 of actual constant.
Time resolution is 1 ps
# onerror resume
# wave add /
# run 1000 ns
Simulator is doing circuit initialization process.
Finished circuit initialization process.
# isim force add clk 0 -time 0 -value 1 -time 10ns -repeat 20ns
# put dp_in 0110
# put in 1111000010101100
# put reset 0
# run 10ms
# run 25ms
# put reset 1
# run 25ms
# put reset 0
# run 25ms
