--------------------------------------------------------------------------------
Release 14.7 Trace  (nt64)
Copyright (c) 1995-2013 Xilinx, Inc.  All rights reserved.

C:\Xilinx\14.7\ISE_DS\ISE\bin\nt64\unwrapped\trce.exe -intstyle ise -v 3 -s 4
-n 3 -fastpaths -xml alu_4.twx alu_4.ncd -o alu_4.twr alu_4.pcf -ucf alu_4.ucf

Design file:              alu_4.ncd
Physical constraint file: alu_4.pcf
Device,package,speed:     xc3s500e,fg320,-4 (PRODUCTION 1.27 2013-10-13)
Report level:             verbose report

Environment Variable      Effect 
--------------------      ------ 
NONE                      No environment variables were set
--------------------------------------------------------------------------------

INFO:Timing:2698 - No timing constraints found, doing default enumeration.
INFO:Timing:3412 - To improve timing, see the Timing Closure User Guide (UG612).
INFO:Timing:2752 - To get complete path coverage, use the unconstrained paths 
   option. All paths that are not constrained will be reported in the 
   unconstrained paths section(s) of the report.
INFO:Timing:3339 - The clock-to-out numbers in this timing report are based on 
   a 50 Ohm transmission line loading model.  For the details of this model, 
   and for more information on accounting for different loading conditions, 
   please see the device datasheet.
INFO:Timing:3390 - This architecture does not support a default System Jitter 
   value, please add SYSTEM_JITTER constraint to the UCF to modify the Clock 
   Uncertainty calculation.
INFO:Timing:3389 - This architecture does not support 'Discrete Jitter' and 
   'Phase Error' calculations, these terms will be zero in the Clock 
   Uncertainty calculation.  Please make appropriate modification to 
   SYSTEM_JITTER to account for the unsupported Discrete Jitter and Phase 
   Error.



Data Sheet report:
-----------------
All values displayed in nanoseconds (ns)

Pad to Pad
---------------+---------------+---------+
Source Pad     |Destination Pad|  Delay  |
---------------+---------------+---------+
a<0>           |cout           |   13.411|
a<0>           |out<0>         |    8.089|
a<0>           |out<1>         |    8.193|
a<0>           |out<2>         |    9.712|
a<0>           |out<3>         |   12.032|
a<1>           |cout           |   12.541|
a<1>           |out<1>         |    6.910|
a<1>           |out<2>         |    8.842|
a<1>           |out<3>         |   11.162|
a<2>           |cout           |   10.738|
a<2>           |out<2>         |    8.304|
a<2>           |out<3>         |    9.359|
a<3>           |cout           |   10.187|
a<3>           |out<3>         |    8.098|
b<0>           |cout           |   12.929|
b<0>           |out<0>         |    6.701|
b<0>           |out<1>         |    7.711|
b<0>           |out<2>         |    9.230|
b<0>           |out<3>         |   11.550|
b<1>           |cout           |   11.593|
b<1>           |out<1>         |    6.296|
b<1>           |out<2>         |    7.894|
b<1>           |out<3>         |   10.214|
b<2>           |cout           |   10.170|
b<2>           |out<2>         |    6.257|
b<2>           |out<3>         |    8.791|
b<3>           |cout           |    9.634|
b<3>           |out<3>         |    6.605|
c<0>           |out<0>         |    7.687|
c<0>           |out<1>         |    7.375|
c<0>           |out<2>         |    8.353|
c<0>           |out<3>         |    7.816|
c<1>           |out<0>         |    8.018|
c<1>           |out<1>         |    7.774|
c<1>           |out<2>         |    7.275|
c<1>           |out<3>         |    7.715|
cin            |cout           |   13.635|
cin            |out<0>         |    7.583|
cin            |out<1>         |    8.417|
cin            |out<2>         |    9.936|
cin            |out<3>         |   12.256|
---------------+---------------+---------+


Analysis completed Tue May 10 15:10:16 2016 
--------------------------------------------------------------------------------

Trace Settings:
-------------------------
Trace Settings 

Peak Memory Usage: 163 MB



