ISim log file
Running: J:\EE 220 retake\Lab 12 LC3 Full Simulation\LC3_isim_beh.exe -intstyle ise -gui -tclbatch isim.cmd -wdb J:/EE 220 retake/Lab 12 LC3 Full Simulation/LC3_isim_beh.wdb 
ISim P.20131013 (signature 0x7708f090)
----------------------------------------------------------------------
INFO:Security:51 - The XILINXD_LICENSE_FILE environment variable is not set.
INFO:Security:52 - The LM_LICENSE_FILE environment variable is set to '2100@xilinxlic1.ee.byu.edu'.
WARNING:Security:43 - No license file was found in the standard Xilinx license directory.
WARNING:Security:44 - Since no license file was found,
       please run the Xilinx License Configuration Manager
       (xlcm or "Manage Xilinx Licenses")
       to assist in obtaining a license.
WARNING:Security:42 - Your software subscription period has lapsed. Your current version of Xilinx tools will continue to function, but you no longer qualify for Xilinx software updates or new releases.


----------------------------------------------------------------------
This is a Full version of ISim.
Time resolution is 1 ps
# onerror resume
# wave add /
# run 1000 ns
Simulator is doing circuit initialization process.
Finished circuit initialization process.
# wave add /LC3/data/reg_file
# wave add /LC3/data/pc
# wave add /LC3/data/pc/PC
# wave add /LC3/data/reg_file/r*
/LC3/data/reg_file/r* : No such HDL object or HDL block
# wave add /LC3/data/reg_file/r0
# wave add /LC3/data/reg_file/r1
# wave add /LC3/data/reg_file/r2
# wave add /LC3/data/pc/PC
